<?xml version="1.0" encoding="UTF-8"?>
<!-- Generated by org.testng.reporters.JUnitXMLReporter -->
<testsuite ignored="2" hostname="NiwasKumar" failures="0" tests="11" name="Default test" time="3.93" errors="0" timestamp="2025-07-28T23:18:02 IST">
  <testcase classname="tests.VerifyPositiveScenarioForUserAccountTest" name="NewUserCreation" time="1.327"/>
  <testcase classname="tests.VerifyPositiveScenarioForUserAccountTest" name="GenerateNewTokentoAccessUser" time="1.068"/>
  <testcase classname="tests.VerifyPositiveScenarioForUserAccountTest" name="GetServerHealthStatus" time="0.028"/>
  <testcase classname="tests.VerifyNegativeScenarioUserAndBook" name="createBookInCollection" time="0.024"/>
  <testcase classname="tests.VerifyNegativeScenarioUserAndBook" name="deleteBookFromCollection" time="0.026"/>
  <testcase classname="tests.VerifyNegativeScenarioUserAndBook" name="testBookIsAdded" time="0.02"/>
  <testcase classname="tests.VerifyNegativeScenarioUserAndBook" name="testGenerateTokenInvalidCredentials" time="0.02"/>
  <testcase classname="tests.VerifyNegativeScenarioUserAndBook" name="test_CreateUserWhenPayloadDataMissing" time="0.602"/>
  <testcase classname="tests.VerifyNegativeScenarioUserAndBook" name="test_CreateUserWithInvalidPassword" time="0.695"/>
  <testcase classname="tests.VerifyNegativeScenarioUserAndBook" name="updateBookInCollection" time="0.048"/>
  <testcase classname="tests.VerifyNegativeScenarioUserAndBook" name="checkIfBookDeleted" time="0.018"/>
  <testcase classname="base.BasicAPITest" name="@BeforeSuite init" time="0.0">
    <ignored/>
  </testcase> <!-- @BeforeSuite init -->
  <testcase classname="base.BasicAPITest" name="@AfterSuite tearDown" time="0.0">
    <ignored/>
  </testcase> <!-- @AfterSuite tearDown -->
</testsuite> <!-- Default test -->
