<?xml version="1.0" encoding="UTF-8"?>
<testsuite xmlns:xsi="http://www.w3.org/2001/XMLSchema-instance" xsi:noNamespaceSchemaLocation="https://maven.apache.org/surefire/maven-surefire-plugin/xsd/surefire-test-report-3.0.xsd" version="3.0" name="TestSuite" time="7.061" tests="16" errors="0" skipped="0" failures="0">
  <properties>
[...]
</properties>
  <testcase name="NewUserCreation" classname="tests.VerifyPositiveScenarioForUserAccountTest" time="1.761">
    <system-out><![CDATA[API Response Data for Newly Created user: {"message":"User created successfully"}
Created User successfully with Email Id: user737@BookStore.com
Created User successfully with Id: 1281758384
]]></system-out>
    <system-err><![CDATA[SLF4J: Failed to load class "org.slf4j.impl.StaticLoggerBinder".
SLF4J: Defaulting to no-operation (NOP) logger implementation
SLF4J: See http://www.slf4j.org/codes.html#StaticLoggerBinder for further details.
]]></system-err>
  </testcase>
  <testcase name="GenerateNewTokentoAccessUser" classname="tests.VerifyPositiveScenarioForUserAccountTest" time="1.254">
    <system-out><![CDATA[API Response data for Generated Access Token is :- {"access_token":"eyJ0eXAiOiJKV1QiLCJhbGciOiJIUzI1NiJ9.eyJzdWIiOiJ1c2VyNzM3QEJvb2tTdG9yZS5jb20iLCJleHAiOjE3NTM3MzE5NDZ9.8Mwa5ZdS9dldOCNc1oMPr21uzZPkMt8_K8_oSAA6e0o","token_type":"bearer"}
API Response data for Generated Access Token Type: bearer
]]></system-out>
  </testcase>
  <testcase name="GetServerHealthStatus" classname="tests.VerifyPositiveScenarioForUserAccountTest" time="0.031">
    <system-out><![CDATA[API Response Data to Get Uvicorn Server Health: {"status":"up"}
]]></system-out>
  </testcase>
  <testcase name="createBookInCollection" classname="tests.VerifyPositiveScenarioForBookTest" time="0.085">
    <system-out><![CDATA[USER Access Token Used :-eyJ0eXAiOiJKV1QiLCJhbGciOiJIUzI1NiJ9.eyJzdWIiOiJ1c2VyNzM3QEJvb2tTdG9yZS5jb20iLCJleHAiOjE3NTM3MzE5NDZ9.8Mwa5ZdS9dldOCNc1oMPr21uzZPkMt8_K8_oSAA6e0o
Response Data for Create book is:- {"name":"Mathematics","published_year":1988,"author":"SriNiwas Ramanujan","id":1575069453,"book_summary":"Basics of Maths Concept"}
Created Book Name Listed under Book Collection: Mathematics
Created Bookid Listed under Book Collection: 1575069453
Author Name Listed under Book Collection: SriNiwas Ramanujan
Book PublishedYear Listed under Book Collection: 1988
Book SummaryName Listed under Book Collection: Basics of Maths Concept
]]></system-out>
  </testcase>
  <testcase name="testGetAllBooks" classname="tests.VerifyPositiveScenarioForBookTest" time="0.041">
    <system-out><![CDATA[Response Data for checking if book created: {"name":"Mathematics","published_year":1988,"author":"SriNiwas Ramanujan","id":1575069453,"book_summary":"Basics of Maths Concept"}
]]></system-out>
  </testcase>
  <testcase name="updateBookInCollection" classname="tests.VerifyPositiveScenarioForBookTest" time="0.047">
    <system-out><![CDATA[Response Data for update Books Is : {"name":"Advance Mathematics","published_year":1988,"author":"Er. Niwas Kumar Yadav","id":1575069453,"book_summary":"Basics of Maths Concept"}
]]></system-out>
  </testcase>
  <testcase name="deleteBookFromCollection" classname="tests.VerifyPositiveScenarioForBookTest" time="0.032">
    <system-out><![CDATA[Token used for Book Deletion Is :- eyJ0eXAiOiJKV1QiLCJhbGciOiJIUzI1NiJ9.eyJzdWIiOiJ1c2VyNzM3QEJvb2tTdG9yZS5jb20iLCJleHAiOjE3NTM3MzE5NDZ9.8Mwa5ZdS9dldOCNc1oMPr21uzZPkMt8_K8_oSAA6e0o
Response Data for delete book Is :- {"message":"Book deleted successfully"}
DELETE Response is empty as expected
]]></system-out>
  </testcase>
  <testcase name="checkIfBookDeleted" classname="tests.VerifyPositiveScenarioForBookTest" time="0.023">
    <system-out><![CDATA[Book not found: {"detail":"Book not found"}
]]></system-out>
  </testcase>
  <testcase name="createBookInCollection" classname="tests.VerifyNegativeScenarioUserAndBook" time="0.021">
    <system-out><![CDATA[Response Data for Create book without authorisation: {"detail":"Not authenticated"}
]]></system-out>
  </testcase>
  <testcase name="deleteBookFromCollection" classname="tests.VerifyNegativeScenarioUserAndBook" time="0.03">
    <system-out><![CDATA[Response Data for delete books with passing wrong Bookid: {"detail":"Book not found"}
]]></system-out>
  </testcase>
  <testcase name="testBookIsAdded" classname="tests.VerifyNegativeScenarioUserAndBook" time="0.021">
    <system-out><![CDATA[TOKEN Used :eyJ0eXAiOiJKV1QiLCJhbGciOiJIUzI1NiJ9.eyJzdWIiOiJ1c2VyNzM3QEJvb2tTdG9yZS5jb20iLCJleHAiOjE3NTM3MzE5NDZ9.8Mwa5ZdS9dldOCNc1oMPr21uzZPkMt8_K8_oSAA6e0o
Response Data for get user with wrong BooKid: {"detail":"Book not found"}
]]></system-out>
  </testcase>
  <testcase name="testGenerateTokenInvalidCredentials" classname="tests.VerifyNegativeScenarioUserAndBook" time="0.021">
    <system-out><![CDATA[Response Data for generate token with invalid credentials: {"detail":"Incorrect email or password"}
]]></system-out>
  </testcase>
  <testcase name="test_CreateUserWhenPayloadDataMissing" classname="tests.VerifyNegativeScenarioUserAndBook" time="0.629">
    <system-out><![CDATA[Response Data for create user when Payload data missing :-Internal Server Error
]]></system-out>
  </testcase>
  <testcase name="test_CreateUserWithInvalidPassword" classname="tests.VerifyNegativeScenarioUserAndBook" time="0.691">
    <system-out><![CDATA[Response Data for create user with Invalid/Empty password: Internal Server Error
]]></system-out>
  </testcase>
  <testcase name="updateBookInCollection" classname="tests.VerifyNegativeScenarioUserAndBook" time="0.026">
    <system-out><![CDATA[Response Data for update books with Wrong BooKid: {"detail":"Book not found"}
]]></system-out>
  </testcase>
  <testcase name="checkIfBookDeleted" classname="tests.VerifyNegativeScenarioUserAndBook" time="0.03"/>
</testsuite>