<?xml version="1.0" encoding="UTF-8"?>
<!-- Generated by org.testng.reporters.JUnitXMLReporter -->
<testsuite ignored="4" hostname="NiwasKumar" failures="0" tests="16" name="API Tests" time="4.805" errors="0" timestamp="2025-07-29T00:45:48 IST">
  <testcase classname="tests.VerifyPositiveScenarioForUserAccountTest" name="NewUserCreation" time="1.759"/>
  <testcase classname="tests.VerifyPositiveScenarioForUserAccountTest" name="GenerateNewTokentoAccessUser" time="1.254"/>
  <testcase classname="tests.VerifyPositiveScenarioForUserAccountTest" name="GetServerHealthStatus" time="0.03"/>
  <testcase classname="tests.VerifyPositiveScenarioForBookTest" name="createBookInCollection" time="0.085"/>
  <testcase classname="tests.VerifyPositiveScenarioForBookTest" name="testGetAllBooks" time="0.041"/>
  <testcase classname="tests.VerifyPositiveScenarioForBookTest" name="updateBookInCollection" time="0.046"/>
  <testcase classname="tests.VerifyPositiveScenarioForBookTest" name="deleteBookFromCollection" time="0.031"/>
  <testcase classname="tests.VerifyPositiveScenarioForBookTest" name="checkIfBookDeleted" time="0.022"/>
  <testcase classname="tests.VerifyNegativeScenarioUserAndBook" name="createBookInCollection" time="0.021"/>
  <testcase classname="tests.VerifyNegativeScenarioUserAndBook" name="deleteBookFromCollection" time="0.029"/>
  <testcase classname="tests.VerifyNegativeScenarioUserAndBook" name="testBookIsAdded" time="0.022"/>
  <testcase classname="tests.VerifyNegativeScenarioUserAndBook" name="testGenerateTokenInvalidCredentials" time="0.019"/>
  <testcase classname="tests.VerifyNegativeScenarioUserAndBook" name="test_CreateUserWhenPayloadDataMissing" time="0.628"/>
  <testcase classname="tests.VerifyNegativeScenarioUserAndBook" name="test_CreateUserWithInvalidPassword" time="0.691"/>
  <testcase classname="tests.VerifyNegativeScenarioUserAndBook" name="updateBookInCollection" time="0.025"/>
  <testcase classname="tests.VerifyNegativeScenarioUserAndBook" name="checkIfBookDeleted" time="0.031"/>
  <testcase classname="base.BasicAPITest" name="@AfterSuite tearDown" time="0.0">
    <ignored/>
  </testcase> <!-- @AfterSuite tearDown -->
  <testcase classname="base.BasicAPITest" name="@BeforeSuite init" time="0.0">
    <ignored/>
  </testcase> <!-- @BeforeSuite init -->
  <testcase classname="base.BasicAPITest" name="@AfterSuite tearDown" time="0.0">
    <ignored/>
  </testcase> <!-- @AfterSuite tearDown -->
  <testcase classname="base.BasicAPITest" name="@BeforeSuite init" time="0.0">
    <ignored/>
  </testcase> <!-- @BeforeSuite init -->
</testsuite> <!-- API Tests -->
